2024-10-01 22:22:30 0 [Note] Starting MariaDB 10.11.9-MariaDB source revision 0e8fb977b00983d98c4c35e39bc1f36463095938 server_uid REeG1uq3F5lqymzE+uG4TzEades= as process 57368
2024-10-01 22:22:30 0 [Note] InnoDB: Compressed tables use zlib 1.3.1
2024-10-01 22:22:30 0 [Note] InnoDB: Number of transaction pools: 1
2024-10-01 22:22:30 0 [Note] InnoDB: Using crc32 + pclmulqdq instructions
2024-10-01 22:22:30 0 [Note] InnoDB: Using liburing
2024-10-01 22:22:30 0 [Note] InnoDB: Initializing buffer pool, total size = 128.000MiB, chunk size = 2.000MiB
2024-10-01 22:22:30 0 [Note] InnoDB: Initialized memory pressure event listener
2024-10-01 22:22:30 0 [Note] InnoDB: Completed initialization of buffer pool
2024-10-01 22:22:30 0 [Note] InnoDB: File system buffers for log disabled (block size=512 bytes)
2024-10-01 22:22:30 0 [Note] InnoDB: End of log at LSN=47092
2024-10-01 22:22:30 0 [Note] InnoDB: 128 rollback segments are active.
2024-10-01 22:22:30 0 [Note] InnoDB: Setting file './ibtmp1' size to 12.000MiB. Physically writing the file full; Please wait ...
2024-10-01 22:22:30 0 [Note] InnoDB: File './ibtmp1' size is now 12.000MiB.
2024-10-01 22:22:30 0 [Note] InnoDB: log sequence number 47092; transaction id 16
2024-10-01 22:22:30 0 [Note] Plugin 'FEEDBACK' is disabled.
2024-10-01 22:22:30 0 [Note] InnoDB: Loading buffer pool(s) from /home/hugomvs/Projetos/blog/mysql/data/ib_buffer_pool
2024-10-01 22:22:30 0 [Note] InnoDB: Buffer pool(s) load completed at 241001 22:22:30
2024-10-01 22:22:30 0 [Note] mysqld: ready for connections.
Version: '10.11.9-MariaDB'  socket: '/home/hugomvs/Projetos/blog/mysql/mysql.sock'  port: 0  MariaDB Server
2024-10-01 22:26:45 0 [Note] mysqld (initiated by: root[root] @ localhost []): Normal shutdown
2024-10-01 22:26:45 0 [Note] InnoDB: FTS optimize thread exiting.
2024-10-01 22:26:45 0 [Note] InnoDB: Starting shutdown...
2024-10-01 22:26:45 0 [Note] InnoDB: Dumping buffer pool(s) to /home/hugomvs/Projetos/blog/mysql/data/ib_buffer_pool
2024-10-01 22:26:45 0 [Note] InnoDB: Buffer pool(s) dump completed at 241001 22:26:45
2024-10-01 22:26:46 0 [Note] InnoDB: Removed temporary tablespace data file: "./ibtmp1"
2024-10-01 22:26:46 0 [Note] InnoDB: Shutdown completed; log sequence number 47092; transaction id 17
2024-10-01 22:26:46 0 [Note] mysqld: Shutdown complete

